<?xml version="1.0" encoding="UTF-8"?>
<!-- Generated by org.testng.reporters.JUnitXMLReporter -->
<testsuite ignored="3" hostname="Babu" failures="1" tests="1" name="ChromeTest" time="33.723" errors="0" timestamp="2022-07-08T15:09:39 IST">
  <testcase classname="com.obs.tests.ManufacturersTest" name="verifySearchManufacturer" time="3.377">
    <failure type="java.lang.AssertionError" message="The following asserts failed:
	Valid Search is not accurate expected [true] but found [false],
	Inalid Search is not accurate expected [true] but found [false]">
      <![CDATA[java.lang.AssertionError: The following asserts failed:
Valid Search is not accurate expected [true] but found [false],
Inalid Search is not accurate expected [true] but found [false]
at com.obs.tests.ManufacturersTest.verifySearchManufacturer(ManufacturersTest.java:76)
at java.base/java.util.ArrayList.forEach(ArrayList.java:1511)
... Removed 29 stack frames]]>
    </failure>
  </testcase> <!-- verifySearchManufacturer -->
  <testcase classname="com.obs.tests.ManufacturersTest" name="verifyDeleteManufacturer" time="0.0">
    <ignored/>
  </testcase> <!-- verifyDeleteManufacturer -->
  <testcase classname="com.obs.tests.ManufacturersTest" name="verifyEditManufacturer" time="0.0">
    <ignored/>
  </testcase> <!-- verifyEditManufacturer -->
  <testcase classname="com.obs.tests.ManufacturersTest" name="validateManufacturerPageFields" time="0.0">
    <ignored/>
  </testcase> <!-- validateManufacturerPageFields -->
</testsuite> <!-- ChromeTest -->
