<?xml version="1.0" encoding="UTF-8"?>
<!-- Generated by org.testng.reporters.JUnitXMLReporter -->
<testsuite ignored="2" hostname="Babu" failures="2" tests="2" name="EdgeTest" time="44.948" errors="0" timestamp="2022-07-14T15:46:43 IST">
  <testcase classname="com.obs.tests.LoginTest" name="validateLoginPageFields" time="0.609">
    <failure type="java.lang.Exception" message="checkElementDisplayed (ValidationActionHelper) : no such element: Unable to locate element: {&amp;quot;method&amp;quot;:&amp;quot;css selector&amp;quot;,&amp;quot;selector&amp;quot;:&amp;quot;#password&amp;quot;}
  (Session info: chrome=103.0.5060.114)
For documentation on this error, please visit: https://selenium.dev/exceptions/#no_such_element
Build info: version: &amp;apos;4.3.0&amp;apos;, revision: &amp;apos;a4995e2c09*&amp;apos;
System info: host: &amp;apos;BABU&amp;apos;, ip: &amp;apos;192.168.1.2&amp;apos;, os.name: &amp;apos;Windows 10&amp;apos;, os.arch: &amp;apos;amd64&amp;apos;, os.version: &amp;apos;10.0&amp;apos;, java.version: &amp;apos;17.0.2&amp;apos;
Driver info: org.openqa.selenium.chrome.ChromeDriver
Command: [742ab7dcd3e174421ca0ba07ff4d5135, findElement {using=id, value=password}]
Capabilities {acceptInsecureCerts: false, browserName: chrome, browserVersion: 103.0.5060.114, chrome: {chromedriverVersion: 103.0.5060.53 (a1711811edd7..., userDataDir: C:\Users\BABUVA~1\AppData\L...}, goog:chromeOptions: {debuggerAddress: localhost:64425}, networkConnectionEnabled: false, pageLoadStrategy: normal, platformName: WINDOWS, proxy: Proxy(), se:cdp: ws://localhost:64425/devtoo..., se:cdpVersion: 103.0.5060.114, setWindowRect: true, strictFileInteractability: false, timeouts: {implicit: 0, pageLoad: 300000, script: 30000}, unhandledPromptBehavior: dismiss and notify, webauthn:extension:credBlob: true, webauthn:extension:largeBlob: true, webauthn:virtualAuthenticators: true}
Session ID: 742ab7dcd3e174421ca0ba07ff4d5135">
      <![CDATA[java.lang.Exception: checkElementDisplayed (ValidationActionHelper) : no such element: Unable to locate element: {"method":"css selector","selector":"#password"}
  (Session info: chrome=103.0.5060.114)
For documentation on this error, please visit: https://selenium.dev/exceptions/#no_such_element
Build info: version: '4.3.0', revision: 'a4995e2c09*'
System info: host: 'BABU', ip: '192.168.1.2', os.name: 'Windows 10', os.arch: 'amd64', os.version: '10.0', java.version: '17.0.2'
Driver info: org.openqa.selenium.chrome.ChromeDriver
Command: [742ab7dcd3e174421ca0ba07ff4d5135, findElement {using=id, value=password}]
Capabilities {acceptInsecureCerts: false, browserName: chrome, browserVersion: 103.0.5060.114, chrome: {chromedriverVersion: 103.0.5060.53 (a1711811edd7..., userDataDir: C:\Users\BABUVA~1\AppData\L...}, goog:chromeOptions: {debuggerAddress: localhost:64425}, networkConnectionEnabled: false, pageLoadStrategy: normal, platformName: WINDOWS, proxy: Proxy(), se:cdp: ws://localhost:64425/devtoo..., se:cdpVersion: 103.0.5060.114, setWindowRect: true, strictFileInteractability: false, timeouts: {implicit: 0, pageLoad: 300000, script: 30000}, unhandledPromptBehavior: dismiss and notify, webauthn:extension:credBlob: true, webauthn:extension:largeBlob: true, webauthn:virtualAuthenticators: true}
Session ID: 742ab7dcd3e174421ca0ba07ff4d5135
at com.obs.actions.ValidationActionHelper.isElementVisible(ValidationActionHelper.java:20)
at com.obs.pages.LoginPage.isPasswordFieldDisplayed(LoginPage.java:62)
at com.obs.tests.LoginTest.validateLoginPageFields(LoginTest.java:63)
at java.base/java.util.ArrayList.forEach(ArrayList.java:1511)
at java.base/java.util.concurrent.FutureTask.run(FutureTask.java:264)
at java.base/java.util.concurrent.ThreadPoolExecutor.runWorker(ThreadPoolExecutor.java:1136)
at java.base/java.util.concurrent.ThreadPoolExecutor$Worker.run(ThreadPoolExecutor.java:635)
at java.base/java.lang.Thread.run(Thread.java:833)
... Removed 18 stack frames]]>
    </failure>
  </testcase> <!-- validateLoginPageFields -->
  <testcase classname="com.obs.tests.LoginTest" name="validateLoginPageFields" time="0.614">
    <failure type="java.lang.ClassCastException" message="class com.obs.tests.LoginTest cannot be cast to class com.obs.actions.WebActionHelper (com.obs.tests.LoginTest and com.obs.actions.WebActionHelper are in unnamed module of loader &amp;apos;app&amp;apos;)">
      <![CDATA[java.lang.ClassCastException: class com.obs.tests.LoginTest cannot be cast to class com.obs.actions.WebActionHelper (com.obs.tests.LoginTest and com.obs.actions.WebActionHelper are in unnamed module of loader 'app')
at com.obs.listeners.TestListeners.onTestFailure(TestListeners.java:73)
at java.base/java.util.ArrayList.forEach(ArrayList.java:1511)
at java.base/java.util.concurrent.FutureTask.run(FutureTask.java:264)
at java.base/java.util.concurrent.ThreadPoolExecutor.runWorker(ThreadPoolExecutor.java:1136)
at java.base/java.util.concurrent.ThreadPoolExecutor$Worker.run(ThreadPoolExecutor.java:635)
at java.base/java.lang.Thread.run(Thread.java:833)
... Removed 15 stack frames]]>
    </failure>
  </testcase> <!-- validateLoginPageFields -->
  <testcase classname="com.obs.tests.LoginTest" name="verifyURLandTitle" time="0.0">
    <ignored/>
  </testcase> <!-- verifyURLandTitle -->
  <testcase classname="com.obs.tests.LoginTest" name="verifyForgetPwdAndBackToLogin" time="0.0">
    <ignored/>
  </testcase> <!-- verifyForgetPwdAndBackToLogin -->
</testsuite> <!-- EdgeTest -->
